{"/Users/Kimia/Desktop/SysEng/SysEng_ARM_Audio_Rec/Dashboard/dashboard.js":{"path":"/Users/Kimia/Desktop/SysEng/SysEng_ARM_Audio_Rec/Dashboard/dashboard.js","s":{"1":1,"2":1,"3":1,"4":1,"5":1,"6":1,"7":1,"8":1,"9":1,"10":1,"11":1,"12":1,"13":1,"14":1,"15":1,"16":0,"17":1,"18":5,"19":1,"20":0,"21":0,"22":0,"23":0,"24":0,"25":0,"26":0,"27":0,"28":0,"29":0,"30":0,"31":0,"32":0,"33":0,"34":0,"35":0,"36":0,"37":0,"38":1,"39":2,"40":0,"41":0,"42":0,"43":0,"44":0,"45":0,"46":0,"47":0,"48":0,"49":0,"50":0,"51":0,"52":0,"53":0,"54":0,"55":2,"56":2,"57":2,"58":1,"59":0,"60":0,"61":0,"62":0,"63":0,"64":0,"65":0,"66":0,"67":0,"68":0,"69":0,"70":0,"71":0,"72":0,"73":1,"74":0,"75":0,"76":0,"77":1,"78":0,"79":0,"80":0,"81":0,"82":0,"83":0,"84":0,"85":0,"86":0,"87":0,"88":0,"89":1,"90":0,"91":0,"92":0,"93":0,"94":0,"95":0,"96":0,"97":0,"98":0,"99":0,"100":0,"101":1,"102":1,"103":1,"104":1,"105":1},"b":{"1":[1,0],"2":[0,1],"3":[0,0],"4":[0,0],"5":[0,0],"6":[0,0],"7":[0,0],"8":[0,0],"9":[0,0],"10":[0,0],"11":[0,0],"12":[0,0],"13":[0,0],"14":[0,0],"15":[0,0],"16":[0,0]},"f":{"1":5,"2":0,"3":0,"4":0,"5":0,"6":2,"7":0,"8":2,"9":0,"10":0,"11":0,"12":0,"13":0,"14":0,"15":0,"16":0,"17":0,"18":1},"fnMap":{"1":{"name":"escapeHtml","line":50,"loc":{"start":{"line":50,"column":0},"end":{"line":50,"column":28}}},"2":{"name":"playAudio","line":59,"loc":{"start":{"line":59,"column":0},"end":{"line":59,"column":25}}},"3":{"name":"(anonymous_3)","line":74,"loc":{"start":{"line":74,"column":18},"end":{"line":74,"column":34}}},"4":{"name":"(anonymous_4)","line":76,"loc":{"start":{"line":76,"column":37},"end":{"line":76,"column":49}}},"5":{"name":"(anonymous_5)","line":84,"loc":{"start":{"line":84,"column":18},"end":{"line":84,"column":33}}},"6":{"name":"updateAlerts","line":92,"loc":{"start":{"line":92,"column":0},"end":{"line":92,"column":36}}},"7":{"name":"(anonymous_7)","line":95,"loc":{"start":{"line":95,"column":14},"end":{"line":95,"column":30}}},"8":{"name":"(anonymous_8)","line":123,"loc":{"start":{"line":123,"column":14},"end":{"line":123,"column":29}}},"9":{"name":"checkForAlerts","line":132,"loc":{"start":{"line":132,"column":0},"end":{"line":132,"column":38}}},"10":{"name":"(anonymous_10)","line":136,"loc":{"start":{"line":136,"column":30},"end":{"line":136,"column":62}}},"11":{"name":"(anonymous_11)","line":152,"loc":{"start":{"line":152,"column":18},"end":{"line":152,"column":34}}},"12":{"name":"(anonymous_12)","line":163,"loc":{"start":{"line":163,"column":18},"end":{"line":163,"column":33}}},"13":{"name":"documentReady","line":171,"loc":{"start":{"line":171,"column":0},"end":{"line":171,"column":25}}},"14":{"name":"updateDeviceTable","line":180,"loc":{"start":{"line":180,"column":0},"end":{"line":180,"column":29}}},"15":{"name":"(anonymous_15)","line":208,"loc":{"start":{"line":208,"column":14},"end":{"line":208,"column":29}}},"16":{"name":"updateUserTable","line":214,"loc":{"start":{"line":214,"column":0},"end":{"line":214,"column":27}}},"17":{"name":"(anonymous_17)","line":240,"loc":{"start":{"line":240,"column":14},"end":{"line":240,"column":29}}},"18":{"name":"addARow","line":247,"loc":{"start":{"line":247,"column":0},"end":{"line":247,"column":30}}}},"statementMap":{"1":{"start":{"line":18,"column":1},"end":{"line":18,"column":36}},"2":{"start":{"line":19,"column":1},"end":{"line":19,"column":70}},"3":{"start":{"line":20,"column":1},"end":{"line":20,"column":26}},"4":{"start":{"line":21,"column":1},"end":{"line":21,"column":53}},"5":{"start":{"line":22,"column":1},"end":{"line":22,"column":39}},"6":{"start":{"line":30,"column":0},"end":{"line":30,"column":10}},"7":{"start":{"line":31,"column":0},"end":{"line":31,"column":21}},"8":{"start":{"line":33,"column":0},"end":{"line":33,"column":22}},"9":{"start":{"line":37,"column":0},"end":{"line":37,"column":52}},"10":{"start":{"line":38,"column":0},"end":{"line":38,"column":41}},"11":{"start":{"line":39,"column":0},"end":{"line":39,"column":41}},"12":{"start":{"line":41,"column":0},"end":{"line":47,"column":1}},"13":{"start":{"line":42,"column":4},"end":{"line":42,"column":45}},"14":{"start":{"line":43,"column":4},"end":{"line":43,"column":41}},"15":{"start":{"line":44,"column":4},"end":{"line":46,"column":5}},"16":{"start":{"line":45,"column":8},"end":{"line":45,"column":49}},"17":{"start":{"line":50,"column":0},"end":{"line":57,"column":1}},"18":{"start":{"line":51,"column":4},"end":{"line":56,"column":33}},"19":{"start":{"line":59,"column":0},"end":{"line":90,"column":1}},"20":{"start":{"line":60,"column":4},"end":{"line":89,"column":5}},"21":{"start":{"line":62,"column":8},"end":{"line":70,"column":9}},"22":{"start":{"line":63,"column":12},"end":{"line":63,"column":43}},"23":{"start":{"line":64,"column":12},"end":{"line":64,"column":41}},"24":{"start":{"line":65,"column":12},"end":{"line":65,"column":30}},"25":{"start":{"line":67,"column":12},"end":{"line":67,"column":44}},"26":{"start":{"line":68,"column":12},"end":{"line":68,"column":40}},"27":{"start":{"line":69,"column":12},"end":{"line":69,"column":31}},"28":{"start":{"line":73,"column":8},"end":{"line":87,"column":15}},"29":{"start":{"line":75,"column":16},"end":{"line":75,"column":80}},"30":{"start":{"line":76,"column":16},"end":{"line":79,"column":18}},"31":{"start":{"line":77,"column":20},"end":{"line":77,"column":52}},"32":{"start":{"line":78,"column":20},"end":{"line":78,"column":48}},"33":{"start":{"line":80,"column":16},"end":{"line":80,"column":47}},"34":{"start":{"line":81,"column":16},"end":{"line":81,"column":45}},"35":{"start":{"line":82,"column":16},"end":{"line":82,"column":34}},"36":{"start":{"line":85,"column":16},"end":{"line":85,"column":40}},"37":{"start":{"line":86,"column":16},"end":{"line":86,"column":55}},"38":{"start":{"line":92,"column":0},"end":{"line":129,"column":1}},"39":{"start":{"line":94,"column":4},"end":{"line":126,"column":11}},"40":{"start":{"line":96,"column":12},"end":{"line":96,"column":37}},"41":{"start":{"line":97,"column":12},"end":{"line":97,"column":41}},"42":{"start":{"line":98,"column":12},"end":{"line":98,"column":34}},"43":{"start":{"line":100,"column":12},"end":{"line":118,"column":13}},"44":{"start":{"line":101,"column":16},"end":{"line":101,"column":38}},"45":{"start":{"line":102,"column":16},"end":{"line":117,"column":17}},"46":{"start":{"line":103,"column":20},"end":{"line":111,"column":21}},"47":{"start":{"line":104,"column":24},"end":{"line":108,"column":152}},"48":{"start":{"line":109,"column":26},"end":{"line":111,"column":21}},"49":{"start":{"line":110,"column":24},"end":{"line":110,"column":37}},"50":{"start":{"line":113,"column":20},"end":{"line":116,"column":21}},"51":{"start":{"line":114,"column":24},"end":{"line":114,"column":94}},"52":{"start":{"line":115,"column":24},"end":{"line":115,"column":94}},"53":{"start":{"line":119,"column":12},"end":{"line":121,"column":13}},"54":{"start":{"line":120,"column":16},"end":{"line":120,"column":29}},"55":{"start":{"line":124,"column":12},"end":{"line":124,"column":42}},"56":{"start":{"line":127,"column":8},"end":{"line":127,"column":39}},"57":{"start":{"line":128,"column":8},"end":{"line":128,"column":17}},"58":{"start":{"line":132,"column":0},"end":{"line":169,"column":1}},"59":{"start":{"line":133,"column":4},"end":{"line":167,"column":5}},"60":{"start":{"line":134,"column":8},"end":{"line":148,"column":9}},"61":{"start":{"line":135,"column":12},"end":{"line":146,"column":15}},"62":{"start":{"line":137,"column":20},"end":{"line":139,"column":21}},"63":{"start":{"line":138,"column":24},"end":{"line":138,"column":58}},"64":{"start":{"line":140,"column":20},"end":{"line":140,"column":109}},"65":{"start":{"line":147,"column":12},"end":{"line":147,"column":43}},"66":{"start":{"line":149,"column":8},"end":{"line":149,"column":35}},"67":{"start":{"line":151,"column":8},"end":{"line":166,"column":15}},"68":{"start":{"line":154,"column":16},"end":{"line":160,"column":17}},"69":{"start":{"line":159,"column":20},"end":{"line":159,"column":47}},"70":{"start":{"line":164,"column":16},"end":{"line":164,"column":40}},"71":{"start":{"line":165,"column":16},"end":{"line":165,"column":50}},"72":{"start":{"line":168,"column":4},"end":{"line":168,"column":24}},"73":{"start":{"line":171,"column":0},"end":{"line":178,"column":1}},"74":{"start":{"line":173,"column":4},"end":{"line":173,"column":25}},"75":{"start":{"line":174,"column":4},"end":{"line":176,"column":13}},"76":{"start":{"line":175,"column":8},"end":{"line":175,"column":30}},"77":{"start":{"line":180,"column":0},"end":{"line":212,"column":1}},"78":{"start":{"line":183,"column":4},"end":{"line":183,"column":20}},"79":{"start":{"line":186,"column":4},"end":{"line":188,"column":7}},"80":{"start":{"line":189,"column":4},"end":{"line":189,"column":41}},"81":{"start":{"line":192,"column":4},"end":{"line":211,"column":11}},"82":{"start":{"line":194,"column":12},"end":{"line":204,"column":13}},"83":{"start":{"line":195,"column":16},"end":{"line":195,"column":38}},"84":{"start":{"line":197,"column":16},"end":{"line":197,"column":80}},"85":{"start":{"line":198,"column":16},"end":{"line":203,"column":19}},"86":{"start":{"line":205,"column":12},"end":{"line":205,"column":36}},"87":{"start":{"line":209,"column":12},"end":{"line":209,"column":36}},"88":{"start":{"line":210,"column":12},"end":{"line":210,"column":46}},"89":{"start":{"line":214,"column":0},"end":{"line":245,"column":1}},"90":{"start":{"line":216,"column":4},"end":{"line":216,"column":20}},"91":{"start":{"line":219,"column":4},"end":{"line":221,"column":7}},"92":{"start":{"line":222,"column":4},"end":{"line":222,"column":39}},"93":{"start":{"line":225,"column":4},"end":{"line":243,"column":11}},"94":{"start":{"line":227,"column":12},"end":{"line":236,"column":13}},"95":{"start":{"line":228,"column":16},"end":{"line":228,"column":38}},"96":{"start":{"line":229,"column":16},"end":{"line":235,"column":17}},"97":{"start":{"line":230,"column":20},"end":{"line":234,"column":23}},"98":{"start":{"line":237,"column":12},"end":{"line":237,"column":34}},"99":{"start":{"line":241,"column":12},"end":{"line":241,"column":36}},"100":{"start":{"line":242,"column":12},"end":{"line":242,"column":46}},"101":{"start":{"line":247,"column":0},"end":{"line":251,"column":1}},"102":{"start":{"line":248,"column":2},"end":{"line":248,"column":46}},"103":{"start":{"line":249,"column":2},"end":{"line":249,"column":33}},"104":{"start":{"line":250,"column":2},"end":{"line":250,"column":11}},"105":{"start":{"line":254,"column":0},"end":{"line":263,"column":2}}},"branchMap":{"1":{"line":41,"type":"if","locations":[{"start":{"line":41,"column":0},"end":{"line":41,"column":0}},{"start":{"line":41,"column":0},"end":{"line":41,"column":0}}]},"2":{"line":44,"type":"if","locations":[{"start":{"line":44,"column":4},"end":{"line":44,"column":4}},{"start":{"line":44,"column":4},"end":{"line":44,"column":4}}]},"3":{"line":60,"type":"if","locations":[{"start":{"line":60,"column":4},"end":{"line":60,"column":4}},{"start":{"line":60,"column":4},"end":{"line":60,"column":4}}]},"4":{"line":62,"type":"if","locations":[{"start":{"line":62,"column":8},"end":{"line":62,"column":8}},{"start":{"line":62,"column":8},"end":{"line":62,"column":8}}]},"5":{"line":102,"type":"if","locations":[{"start":{"line":102,"column":16},"end":{"line":102,"column":16}},{"start":{"line":102,"column":16},"end":{"line":102,"column":16}}]},"6":{"line":103,"type":"if","locations":[{"start":{"line":103,"column":20},"end":{"line":103,"column":20}},{"start":{"line":103,"column":20},"end":{"line":103,"column":20}}]},"7":{"line":109,"type":"if","locations":[{"start":{"line":109,"column":26},"end":{"line":109,"column":26}},{"start":{"line":109,"column":26},"end":{"line":109,"column":26}}]},"8":{"line":113,"type":"if","locations":[{"start":{"line":113,"column":20},"end":{"line":113,"column":20}},{"start":{"line":113,"column":20},"end":{"line":113,"column":20}}]},"9":{"line":119,"type":"if","locations":[{"start":{"line":119,"column":12},"end":{"line":119,"column":12}},{"start":{"line":119,"column":12},"end":{"line":119,"column":12}}]},"10":{"line":133,"type":"if","locations":[{"start":{"line":133,"column":4},"end":{"line":133,"column":4}},{"start":{"line":133,"column":4},"end":{"line":133,"column":4}}]},"11":{"line":134,"type":"if","locations":[{"start":{"line":134,"column":8},"end":{"line":134,"column":8}},{"start":{"line":134,"column":8},"end":{"line":134,"column":8}}]},"12":{"line":137,"type":"if","locations":[{"start":{"line":137,"column":20},"end":{"line":137,"column":20}},{"start":{"line":137,"column":20},"end":{"line":137,"column":20}}]},"13":{"line":154,"type":"if","locations":[{"start":{"line":154,"column":16},"end":{"line":154,"column":16}},{"start":{"line":154,"column":16},"end":{"line":154,"column":16}}]},"14":{"line":154,"type":"binary-expr","locations":[{"start":{"line":154,"column":21},"end":{"line":154,"column":38}},{"start":{"line":154,"column":44},"end":{"line":154,"column":81}}]},"15":{"line":201,"type":"cond-expr","locations":[{"start":{"line":201,"column":31},"end":{"line":201,"column":39}},{"start":{"line":201,"column":42},"end":{"line":201,"column":51}}]},"16":{"line":229,"type":"if","locations":[{"start":{"line":229,"column":16},"end":{"line":229,"column":16}},{"start":{"line":229,"column":16},"end":{"line":229,"column":16}}]}}}}