{"/Users/Kimia/Desktop/SysEng/SysEng_ARM_Audio_Rec/Dashboard/dashboard.js":{"path":"/Users/Kimia/Desktop/SysEng/SysEng_ARM_Audio_Rec/Dashboard/dashboard.js","s":{"1":1,"2":1,"3":1,"4":1,"5":1,"6":1,"7":1,"8":1,"9":1,"10":1,"11":1,"12":1,"13":1,"14":1,"15":1,"16":1,"17":1,"18":1,"19":1,"20":0,"21":1,"22":5,"23":1,"24":0,"25":0,"26":0,"27":0,"28":0,"29":0,"30":0,"31":0,"32":0,"33":0,"34":0,"35":0,"36":0,"37":0,"38":0,"39":0,"40":0,"41":0,"42":1,"43":1,"44":0,"45":0,"46":0,"47":0,"48":0,"49":0,"50":0,"51":0,"52":0,"53":0,"54":0,"55":0,"56":0,"57":0,"58":0,"59":1,"60":1,"61":1,"62":1,"63":0,"64":0,"65":0,"66":0,"67":0,"68":0,"69":0,"70":0,"71":0,"72":0,"73":0,"74":0,"75":0,"76":0,"77":1,"78":0,"79":0,"80":0,"81":1},"b":{"1":[1,0],"2":[0,1],"3":[0,0],"4":[0,0],"5":[0,0],"6":[0,0],"7":[0,0],"8":[0,0],"9":[0,0],"10":[0,0],"11":[0,0],"12":[0,0],"13":[0,0],"14":[0,0]},"f":{"1":5,"2":0,"3":0,"4":0,"5":0,"6":1,"7":0,"8":1,"9":0,"10":0,"11":0,"12":0,"13":0},"fnMap":{"1":{"name":"escapeHtml","line":52,"loc":{"start":{"line":52,"column":0},"end":{"line":52,"column":28}}},"2":{"name":"playAudio","line":61,"loc":{"start":{"line":61,"column":0},"end":{"line":61,"column":25}}},"3":{"name":"(anonymous_3)","line":76,"loc":{"start":{"line":76,"column":18},"end":{"line":76,"column":34}}},"4":{"name":"(anonymous_4)","line":78,"loc":{"start":{"line":78,"column":37},"end":{"line":78,"column":49}}},"5":{"name":"(anonymous_5)","line":86,"loc":{"start":{"line":86,"column":18},"end":{"line":86,"column":33}}},"6":{"name":"updateAlerts","line":94,"loc":{"start":{"line":94,"column":0},"end":{"line":94,"column":36}}},"7":{"name":"(anonymous_7)","line":97,"loc":{"start":{"line":97,"column":14},"end":{"line":97,"column":30}}},"8":{"name":"(anonymous_8)","line":125,"loc":{"start":{"line":125,"column":14},"end":{"line":125,"column":29}}},"9":{"name":"checkForAlerts","line":134,"loc":{"start":{"line":134,"column":0},"end":{"line":134,"column":38}}},"10":{"name":"(anonymous_10)","line":138,"loc":{"start":{"line":138,"column":30},"end":{"line":138,"column":62}}},"11":{"name":"(anonymous_11)","line":154,"loc":{"start":{"line":154,"column":18},"end":{"line":154,"column":34}}},"12":{"name":"(anonymous_12)","line":165,"loc":{"start":{"line":165,"column":18},"end":{"line":165,"column":33}}},"13":{"name":"documentReady","line":173,"loc":{"start":{"line":173,"column":0},"end":{"line":173,"column":25}}}},"statementMap":{"1":{"start":{"line":18,"column":1},"end":{"line":18,"column":36}},"2":{"start":{"line":19,"column":1},"end":{"line":19,"column":70}},"3":{"start":{"line":20,"column":1},"end":{"line":20,"column":26}},"4":{"start":{"line":21,"column":1},"end":{"line":21,"column":53}},"5":{"start":{"line":22,"column":1},"end":{"line":22,"column":39}},"6":{"start":{"line":23,"column":1},"end":{"line":28,"column":3}},"7":{"start":{"line":25,"column":4},"end":{"line":25,"column":98}},"8":{"start":{"line":30,"column":0},"end":{"line":30,"column":10}},"9":{"start":{"line":31,"column":0},"end":{"line":31,"column":21}},"10":{"start":{"line":33,"column":0},"end":{"line":33,"column":22}},"11":{"start":{"line":34,"column":1},"end":{"line":37,"column":1}},"12":{"start":{"line":35,"column":0},"end":{"line":35,"column":72}},"13":{"start":{"line":39,"column":0},"end":{"line":39,"column":52}},"14":{"start":{"line":40,"column":0},"end":{"line":40,"column":41}},"15":{"start":{"line":41,"column":0},"end":{"line":41,"column":41}},"16":{"start":{"line":43,"column":0},"end":{"line":49,"column":1}},"17":{"start":{"line":44,"column":4},"end":{"line":44,"column":45}},"18":{"start":{"line":45,"column":4},"end":{"line":45,"column":41}},"19":{"start":{"line":46,"column":4},"end":{"line":48,"column":5}},"20":{"start":{"line":47,"column":8},"end":{"line":47,"column":49}},"21":{"start":{"line":52,"column":0},"end":{"line":59,"column":1}},"22":{"start":{"line":53,"column":4},"end":{"line":58,"column":33}},"23":{"start":{"line":61,"column":0},"end":{"line":92,"column":1}},"24":{"start":{"line":62,"column":4},"end":{"line":91,"column":5}},"25":{"start":{"line":64,"column":8},"end":{"line":72,"column":9}},"26":{"start":{"line":65,"column":12},"end":{"line":65,"column":43}},"27":{"start":{"line":66,"column":12},"end":{"line":66,"column":41}},"28":{"start":{"line":67,"column":12},"end":{"line":67,"column":30}},"29":{"start":{"line":69,"column":12},"end":{"line":69,"column":44}},"30":{"start":{"line":70,"column":12},"end":{"line":70,"column":40}},"31":{"start":{"line":71,"column":12},"end":{"line":71,"column":31}},"32":{"start":{"line":75,"column":8},"end":{"line":89,"column":15}},"33":{"start":{"line":77,"column":16},"end":{"line":77,"column":80}},"34":{"start":{"line":78,"column":16},"end":{"line":81,"column":18}},"35":{"start":{"line":79,"column":20},"end":{"line":79,"column":52}},"36":{"start":{"line":80,"column":20},"end":{"line":80,"column":48}},"37":{"start":{"line":82,"column":16},"end":{"line":82,"column":47}},"38":{"start":{"line":83,"column":16},"end":{"line":83,"column":45}},"39":{"start":{"line":84,"column":16},"end":{"line":84,"column":34}},"40":{"start":{"line":87,"column":16},"end":{"line":87,"column":40}},"41":{"start":{"line":88,"column":16},"end":{"line":88,"column":55}},"42":{"start":{"line":94,"column":0},"end":{"line":131,"column":1}},"43":{"start":{"line":96,"column":4},"end":{"line":128,"column":11}},"44":{"start":{"line":98,"column":12},"end":{"line":98,"column":37}},"45":{"start":{"line":99,"column":12},"end":{"line":99,"column":41}},"46":{"start":{"line":100,"column":12},"end":{"line":100,"column":34}},"47":{"start":{"line":102,"column":12},"end":{"line":120,"column":13}},"48":{"start":{"line":103,"column":16},"end":{"line":103,"column":38}},"49":{"start":{"line":104,"column":16},"end":{"line":119,"column":17}},"50":{"start":{"line":105,"column":20},"end":{"line":113,"column":21}},"51":{"start":{"line":106,"column":24},"end":{"line":110,"column":152}},"52":{"start":{"line":111,"column":26},"end":{"line":113,"column":21}},"53":{"start":{"line":112,"column":24},"end":{"line":112,"column":37}},"54":{"start":{"line":115,"column":20},"end":{"line":118,"column":21}},"55":{"start":{"line":116,"column":24},"end":{"line":116,"column":94}},"56":{"start":{"line":117,"column":24},"end":{"line":117,"column":94}},"57":{"start":{"line":121,"column":12},"end":{"line":123,"column":13}},"58":{"start":{"line":122,"column":16},"end":{"line":122,"column":29}},"59":{"start":{"line":126,"column":12},"end":{"line":126,"column":42}},"60":{"start":{"line":129,"column":8},"end":{"line":129,"column":40}},"61":{"start":{"line":130,"column":8},"end":{"line":130,"column":17}},"62":{"start":{"line":134,"column":0},"end":{"line":171,"column":1}},"63":{"start":{"line":135,"column":4},"end":{"line":169,"column":5}},"64":{"start":{"line":136,"column":8},"end":{"line":150,"column":9}},"65":{"start":{"line":137,"column":12},"end":{"line":148,"column":15}},"66":{"start":{"line":139,"column":20},"end":{"line":141,"column":21}},"67":{"start":{"line":140,"column":24},"end":{"line":140,"column":58}},"68":{"start":{"line":142,"column":20},"end":{"line":142,"column":109}},"69":{"start":{"line":149,"column":12},"end":{"line":149,"column":43}},"70":{"start":{"line":151,"column":8},"end":{"line":151,"column":35}},"71":{"start":{"line":153,"column":8},"end":{"line":168,"column":15}},"72":{"start":{"line":156,"column":16},"end":{"line":162,"column":17}},"73":{"start":{"line":161,"column":20},"end":{"line":161,"column":47}},"74":{"start":{"line":166,"column":16},"end":{"line":166,"column":40}},"75":{"start":{"line":167,"column":16},"end":{"line":167,"column":50}},"76":{"start":{"line":170,"column":4},"end":{"line":170,"column":24}},"77":{"start":{"line":173,"column":0},"end":{"line":180,"column":1}},"78":{"start":{"line":175,"column":4},"end":{"line":175,"column":25}},"79":{"start":{"line":176,"column":4},"end":{"line":178,"column":13}},"80":{"start":{"line":177,"column":8},"end":{"line":177,"column":30}},"81":{"start":{"line":267,"column":0},"end":{"line":277,"column":2}}},"branchMap":{"1":{"line":43,"type":"if","locations":[{"start":{"line":43,"column":0},"end":{"line":43,"column":0}},{"start":{"line":43,"column":0},"end":{"line":43,"column":0}}]},"2":{"line":46,"type":"if","locations":[{"start":{"line":46,"column":4},"end":{"line":46,"column":4}},{"start":{"line":46,"column":4},"end":{"line":46,"column":4}}]},"3":{"line":62,"type":"if","locations":[{"start":{"line":62,"column":4},"end":{"line":62,"column":4}},{"start":{"line":62,"column":4},"end":{"line":62,"column":4}}]},"4":{"line":64,"type":"if","locations":[{"start":{"line":64,"column":8},"end":{"line":64,"column":8}},{"start":{"line":64,"column":8},"end":{"line":64,"column":8}}]},"5":{"line":104,"type":"if","locations":[{"start":{"line":104,"column":16},"end":{"line":104,"column":16}},{"start":{"line":104,"column":16},"end":{"line":104,"column":16}}]},"6":{"line":105,"type":"if","locations":[{"start":{"line":105,"column":20},"end":{"line":105,"column":20}},{"start":{"line":105,"column":20},"end":{"line":105,"column":20}}]},"7":{"line":111,"type":"if","locations":[{"start":{"line":111,"column":26},"end":{"line":111,"column":26}},{"start":{"line":111,"column":26},"end":{"line":111,"column":26}}]},"8":{"line":115,"type":"if","locations":[{"start":{"line":115,"column":20},"end":{"line":115,"column":20}},{"start":{"line":115,"column":20},"end":{"line":115,"column":20}}]},"9":{"line":121,"type":"if","locations":[{"start":{"line":121,"column":12},"end":{"line":121,"column":12}},{"start":{"line":121,"column":12},"end":{"line":121,"column":12}}]},"10":{"line":135,"type":"if","locations":[{"start":{"line":135,"column":4},"end":{"line":135,"column":4}},{"start":{"line":135,"column":4},"end":{"line":135,"column":4}}]},"11":{"line":136,"type":"if","locations":[{"start":{"line":136,"column":8},"end":{"line":136,"column":8}},{"start":{"line":136,"column":8},"end":{"line":136,"column":8}}]},"12":{"line":139,"type":"if","locations":[{"start":{"line":139,"column":20},"end":{"line":139,"column":20}},{"start":{"line":139,"column":20},"end":{"line":139,"column":20}}]},"13":{"line":156,"type":"if","locations":[{"start":{"line":156,"column":16},"end":{"line":156,"column":16}},{"start":{"line":156,"column":16},"end":{"line":156,"column":16}}]},"14":{"line":156,"type":"binary-expr","locations":[{"start":{"line":156,"column":21},"end":{"line":156,"column":38}},{"start":{"line":156,"column":44},"end":{"line":156,"column":81}}]}}}}