TN:
SF:/Users/Kimia/Desktop/SysEng/SysEng_ARM_Audio_Rec/Dashboard/dashboard.js
FN:52,escapeHtml
FN:61,playAudio
FN:76,(anonymous_3)
FN:78,(anonymous_4)
FN:86,(anonymous_5)
FN:94,updateAlerts
FN:97,(anonymous_7)
FN:125,(anonymous_8)
FN:134,checkForAlerts
FN:138,(anonymous_10)
FN:154,(anonymous_11)
FN:165,(anonymous_12)
FN:173,documentReady
FNF:13
FNH:3
FNDA:5,escapeHtml
FNDA:0,playAudio
FNDA:0,(anonymous_3)
FNDA:0,(anonymous_4)
FNDA:0,(anonymous_5)
FNDA:1,updateAlerts
FNDA:0,(anonymous_7)
FNDA:1,(anonymous_8)
FNDA:0,checkForAlerts
FNDA:0,(anonymous_10)
FNDA:0,(anonymous_11)
FNDA:0,(anonymous_12)
FNDA:0,documentReady
DA:18,1
DA:19,1
DA:20,1
DA:21,1
DA:22,1
DA:23,1
DA:25,1
DA:30,1
DA:31,1
DA:33,1
DA:34,1
DA:35,1
DA:39,1
DA:40,1
DA:41,1
DA:43,1
DA:44,1
DA:45,1
DA:46,1
DA:47,0
DA:52,1
DA:53,5
DA:61,1
DA:62,0
DA:64,0
DA:65,0
DA:66,0
DA:67,0
DA:69,0
DA:70,0
DA:71,0
DA:75,0
DA:77,0
DA:78,0
DA:79,0
DA:80,0
DA:82,0
DA:83,0
DA:84,0
DA:87,0
DA:88,0
DA:94,1
DA:96,1
DA:98,0
DA:99,0
DA:100,0
DA:102,0
DA:103,0
DA:104,0
DA:105,0
DA:106,0
DA:111,0
DA:112,0
DA:115,0
DA:116,0
DA:117,0
DA:121,0
DA:122,0
DA:126,1
DA:129,1
DA:130,1
DA:134,1
DA:135,0
DA:136,0
DA:137,0
DA:139,0
DA:140,0
DA:142,0
DA:149,0
DA:151,0
DA:153,0
DA:156,0
DA:161,0
DA:166,0
DA:167,0
DA:170,0
DA:173,1
DA:175,0
DA:176,0
DA:177,0
DA:267,1
LF:81
LH:30
BRDA:43,1,0,1
BRDA:43,1,1,0
BRDA:46,2,0,0
BRDA:46,2,1,1
BRDA:62,3,0,0
BRDA:62,3,1,0
BRDA:64,4,0,0
BRDA:64,4,1,0
BRDA:104,5,0,0
BRDA:104,5,1,0
BRDA:105,6,0,0
BRDA:105,6,1,0
BRDA:111,7,0,0
BRDA:111,7,1,0
BRDA:115,8,0,0
BRDA:115,8,1,0
BRDA:121,9,0,0
BRDA:121,9,1,0
BRDA:135,10,0,0
BRDA:135,10,1,0
BRDA:136,11,0,0
BRDA:136,11,1,0
BRDA:139,12,0,0
BRDA:139,12,1,0
BRDA:156,13,0,0
BRDA:156,13,1,0
BRDA:156,14,0,0
BRDA:156,14,1,0
BRF:28
BRH:2
end_of_record
