TN:
SF:/Users/Kimia/Desktop/SysEng/SysEng_ARM_Audio_Rec/Dashboard/dashboard.js
FN:50,escapeHtml
FN:59,playAudio
FN:74,(anonymous_3)
FN:76,(anonymous_4)
FN:84,(anonymous_5)
FN:92,updateAlerts
FN:95,(anonymous_7)
FN:123,(anonymous_8)
FN:132,checkForAlerts
FN:136,(anonymous_10)
FN:152,(anonymous_11)
FN:163,(anonymous_12)
FN:171,documentReady
FN:180,updateDeviceTable
FN:208,(anonymous_15)
FN:214,updateUserTable
FN:240,(anonymous_17)
FN:247,addARow
FNF:18
FNH:4
FNDA:5,escapeHtml
FNDA:0,playAudio
FNDA:0,(anonymous_3)
FNDA:0,(anonymous_4)
FNDA:0,(anonymous_5)
FNDA:2,updateAlerts
FNDA:0,(anonymous_7)
FNDA:2,(anonymous_8)
FNDA:0,checkForAlerts
FNDA:0,(anonymous_10)
FNDA:0,(anonymous_11)
FNDA:0,(anonymous_12)
FNDA:0,documentReady
FNDA:0,updateDeviceTable
FNDA:0,(anonymous_15)
FNDA:0,updateUserTable
FNDA:0,(anonymous_17)
FNDA:1,addARow
DA:18,1
DA:19,1
DA:20,1
DA:21,1
DA:22,1
DA:30,1
DA:31,1
DA:33,1
DA:37,1
DA:38,1
DA:39,1
DA:41,1
DA:42,1
DA:43,1
DA:44,1
DA:45,0
DA:50,1
DA:51,5
DA:59,1
DA:60,0
DA:62,0
DA:63,0
DA:64,0
DA:65,0
DA:67,0
DA:68,0
DA:69,0
DA:73,0
DA:75,0
DA:76,0
DA:77,0
DA:78,0
DA:80,0
DA:81,0
DA:82,0
DA:85,0
DA:86,0
DA:92,1
DA:94,2
DA:96,0
DA:97,0
DA:98,0
DA:100,0
DA:101,0
DA:102,0
DA:103,0
DA:104,0
DA:109,0
DA:110,0
DA:113,0
DA:114,0
DA:115,0
DA:119,0
DA:120,0
DA:124,2
DA:127,2
DA:128,2
DA:132,1
DA:133,0
DA:134,0
DA:135,0
DA:137,0
DA:138,0
DA:140,0
DA:147,0
DA:149,0
DA:151,0
DA:154,0
DA:159,0
DA:164,0
DA:165,0
DA:168,0
DA:171,1
DA:173,0
DA:174,0
DA:175,0
DA:180,1
DA:183,0
DA:186,0
DA:189,0
DA:192,0
DA:194,0
DA:195,0
DA:197,0
DA:198,0
DA:205,0
DA:209,0
DA:210,0
DA:214,1
DA:216,0
DA:219,0
DA:222,0
DA:225,0
DA:227,0
DA:228,0
DA:229,0
DA:230,0
DA:237,0
DA:241,0
DA:242,0
DA:247,1
DA:248,1
DA:249,1
DA:250,1
DA:254,1
LF:105
LH:32
BRDA:41,1,0,1
BRDA:41,1,1,0
BRDA:44,2,0,0
BRDA:44,2,1,1
BRDA:60,3,0,0
BRDA:60,3,1,0
BRDA:62,4,0,0
BRDA:62,4,1,0
BRDA:102,5,0,0
BRDA:102,5,1,0
BRDA:103,6,0,0
BRDA:103,6,1,0
BRDA:109,7,0,0
BRDA:109,7,1,0
BRDA:113,8,0,0
BRDA:113,8,1,0
BRDA:119,9,0,0
BRDA:119,9,1,0
BRDA:133,10,0,0
BRDA:133,10,1,0
BRDA:134,11,0,0
BRDA:134,11,1,0
BRDA:137,12,0,0
BRDA:137,12,1,0
BRDA:154,13,0,0
BRDA:154,13,1,0
BRDA:154,14,0,0
BRDA:154,14,1,0
BRDA:201,15,0,0
BRDA:201,15,1,0
BRDA:229,16,0,0
BRDA:229,16,1,0
BRF:32
BRH:2
end_of_record
