{"/Users/Kimia/Desktop/SysEng/SysEng_ARM_Audio_Rec/Dashboard/tests/dashboard_tests.js":{"path":"/Users/Kimia/Desktop/SysEng/SysEng_ARM_Audio_Rec/Dashboard/tests/dashboard_tests.js","s":{"1":1,"2":1,"3":1,"4":1,"5":1,"6":1,"7":1,"8":0,"9":0,"10":0,"11":0,"12":0,"13":0,"14":0,"15":0,"16":0,"17":0,"18":0,"19":0,"20":0,"21":0,"22":0,"23":0,"24":0,"25":0,"26":0,"27":0,"28":0,"29":0,"30":0,"31":0,"32":0,"33":0,"34":0,"35":0,"36":0,"37":0,"38":0,"39":0},"b":{},"f":{"1":0,"2":0,"3":0,"4":0,"5":0,"6":0,"7":0,"8":0,"9":0,"10":0,"11":0,"12":0,"13":0,"14":0,"15":0},"fnMap":{"1":{"name":"(anonymous_1)","line":14,"loc":{"start":{"line":14,"column":31},"end":{"line":14,"column":41}}},"2":{"name":"(anonymous_2)","line":15,"loc":{"start":{"line":15,"column":17},"end":{"line":15,"column":27}}},"3":{"name":"(anonymous_3)","line":22,"loc":{"start":{"line":22,"column":31},"end":{"line":22,"column":41}}},"4":{"name":"(anonymous_4)","line":23,"loc":{"start":{"line":23,"column":16},"end":{"line":23,"column":26}}},"5":{"name":"(anonymous_5)","line":30,"loc":{"start":{"line":30,"column":31},"end":{"line":30,"column":41}}},"6":{"name":"(anonymous_6)","line":31,"loc":{"start":{"line":31,"column":16},"end":{"line":31,"column":26}}},"7":{"name":"(anonymous_7)","line":38,"loc":{"start":{"line":38,"column":31},"end":{"line":38,"column":41}}},"8":{"name":"(anonymous_8)","line":39,"loc":{"start":{"line":39,"column":29},"end":{"line":39,"column":39}}},"9":{"name":"(anonymous_9)","line":46,"loc":{"start":{"line":46,"column":31},"end":{"line":46,"column":41}}},"10":{"name":"(anonymous_10)","line":47,"loc":{"start":{"line":47,"column":17},"end":{"line":47,"column":27}}},"11":{"name":"(anonymous_11)","line":80,"loc":{"start":{"line":80,"column":11},"end":{"line":80,"column":23}}},"12":{"name":"(anonymous_12)","line":83,"loc":{"start":{"line":83,"column":10},"end":{"line":83,"column":22}}},"13":{"name":"(anonymous_13)","line":86,"loc":{"start":{"line":86,"column":34},"end":{"line":86,"column":44}}},"14":{"name":"(anonymous_14)","line":87,"loc":{"start":{"line":87,"column":25},"end":{"line":87,"column":35}}},"15":{"name":"(anonymous_15)","line":90,"loc":{"start":{"line":90,"column":16},"end":{"line":90,"column":28}}}},"statementMap":{"1":{"start":{"line":2,"column":0},"end":{"line":2,"column":38}},"2":{"start":{"line":3,"column":0},"end":{"line":3,"column":38}},"3":{"start":{"line":4,"column":0},"end":{"line":4,"column":29}},"4":{"start":{"line":5,"column":0},"end":{"line":5,"column":29}},"5":{"start":{"line":6,"column":0},"end":{"line":8,"column":34}},"6":{"start":{"line":11,"column":0},"end":{"line":11,"column":42}},"7":{"start":{"line":14,"column":0},"end":{"line":20,"column":3}},"8":{"start":{"line":15,"column":2},"end":{"line":19,"column":5}},"9":{"start":{"line":17,"column":4},"end":{"line":17,"column":45}},"10":{"start":{"line":18,"column":4},"end":{"line":18,"column":36}},"11":{"start":{"line":22,"column":0},"end":{"line":28,"column":3}},"12":{"start":{"line":23,"column":2},"end":{"line":27,"column":5}},"13":{"start":{"line":25,"column":4},"end":{"line":25,"column":45}},"14":{"start":{"line":26,"column":4},"end":{"line":26,"column":35}},"15":{"start":{"line":30,"column":0},"end":{"line":36,"column":3}},"16":{"start":{"line":31,"column":2},"end":{"line":35,"column":5}},"17":{"start":{"line":33,"column":4},"end":{"line":33,"column":45}},"18":{"start":{"line":34,"column":4},"end":{"line":34,"column":35}},"19":{"start":{"line":38,"column":0},"end":{"line":44,"column":3}},"20":{"start":{"line":39,"column":2},"end":{"line":43,"column":5}},"21":{"start":{"line":41,"column":4},"end":{"line":41,"column":46}},"22":{"start":{"line":42,"column":4},"end":{"line":42,"column":37}},"23":{"start":{"line":46,"column":0},"end":{"line":52,"column":3}},"24":{"start":{"line":47,"column":2},"end":{"line":51,"column":5}},"25":{"start":{"line":49,"column":4},"end":{"line":49,"column":46}},"26":{"start":{"line":50,"column":4},"end":{"line":50,"column":37}},"27":{"start":{"line":79,"column":0},"end":{"line":79,"column":10}},"28":{"start":{"line":80,"column":0},"end":{"line":82,"column":4}},"29":{"start":{"line":81,"column":5},"end":{"line":81,"column":35}},"30":{"start":{"line":83,"column":0},"end":{"line":85,"column":3}},"31":{"start":{"line":84,"column":4},"end":{"line":84,"column":20}},"32":{"start":{"line":86,"column":0},"end":{"line":99,"column":3}},"33":{"start":{"line":87,"column":2},"end":{"line":98,"column":5}},"34":{"start":{"line":89,"column":4},"end":{"line":89,"column":25}},"35":{"start":{"line":90,"column":4},"end":{"line":92,"column":12}},"36":{"start":{"line":91,"column":8},"end":{"line":91,"column":24}},"37":{"start":{"line":94,"column":4},"end":{"line":94,"column":29}},"38":{"start":{"line":95,"column":4},"end":{"line":95,"column":22}},"39":{"start":{"line":96,"column":4},"end":{"line":96,"column":28}}},"branchMap":{}}}